<?xml version="1.0" encoding="UTF-8"?>
<testsuite xmlns:xsi="http://www.w3.org/2001/XMLSchema-instance" xsi:noNamespaceSchemaLocation="https://maven.apache.org/surefire/maven-surefire-plugin/xsd/surefire-test-report-3.0.xsd" version="3.0" name="com.example.myshopgateway.MyshopGatewayApplicationTests" time="6.359" tests="1" errors="0" skipped="0" failures="0">
  <properties>
[...]
</properties>
  <testcase name="contextLoads" classname="com.example.myshopgateway.MyshopGatewayApplicationTests" time="0.293">
    <system-out><![CDATA[19:22:18.443 [main] DEBUG org.springframework.test.context.BootstrapUtils - Instantiating CacheAwareContextLoaderDelegate from class [org.springframework.test.context.cache.DefaultCacheAwareContextLoaderDelegate]
19:22:18.455 [main] DEBUG org.springframework.test.context.BootstrapUtils - Instantiating BootstrapContext using constructor [public org.springframework.test.context.support.DefaultBootstrapContext(java.lang.Class,org.springframework.test.context.CacheAwareContextLoaderDelegate)]
19:22:18.492 [main] DEBUG org.springframework.test.context.BootstrapUtils - Instantiating TestContextBootstrapper for test class [com.example.myshopgateway.MyshopGatewayApplicationTests] from class [org.springframework.boot.test.context.SpringBootTestContextBootstrapper]
19:22:18.504 [main] INFO org.springframework.boot.test.context.SpringBootTestContextBootstrapper - Neither @ContextConfiguration nor @ContextHierarchy found for test class [com.example.myshopgateway.MyshopGatewayApplicationTests], using SpringBootContextLoader
19:22:18.507 [main] DEBUG org.springframework.test.context.support.AbstractContextLoader - Did not detect default resource location for test class [com.example.myshopgateway.MyshopGatewayApplicationTests]: class path resource [com/example/myshopgateway/MyshopGatewayApplicationTests-context.xml] does not exist
19:22:18.508 [main] DEBUG org.springframework.test.context.support.AbstractContextLoader - Did not detect default resource location for test class [com.example.myshopgateway.MyshopGatewayApplicationTests]: class path resource [com/example/myshopgateway/MyshopGatewayApplicationTestsContext.groovy] does not exist
19:22:18.508 [main] INFO org.springframework.test.context.support.AbstractContextLoader - Could not detect default resource locations for test class [com.example.myshopgateway.MyshopGatewayApplicationTests]: no resource found for suffixes {-context.xml, Context.groovy}.
19:22:18.508 [main] INFO org.springframework.test.context.support.AnnotationConfigContextLoaderUtils - Could not detect default configuration classes for test class [com.example.myshopgateway.MyshopGatewayApplicationTests]: MyshopGatewayApplicationTests does not declare any static, non-private, non-final, nested classes annotated with @Configuration.
19:22:18.551 [main] DEBUG org.springframework.test.context.support.ActiveProfilesUtils - Could not find an 'annotation declaring class' for annotation type [org.springframework.test.context.ActiveProfiles] and class [com.example.myshopgateway.MyshopGatewayApplicationTests]
19:22:18.617 [main] DEBUG org.springframework.context.annotation.ClassPathScanningCandidateComponentProvider - Identified candidate component class: file [F:\CODE\GIThub\Markdown\大三课程\微服务\实验三、四\Eureka\myshop-gateway\target\classes\com\example\myshopgateway\MyshopGatewayApplication.class]
19:22:18.618 [main] INFO org.springframework.boot.test.context.SpringBootTestContextBootstrapper - Found @SpringBootConfiguration com.example.myshopgateway.MyshopGatewayApplication for test class com.example.myshopgateway.MyshopGatewayApplicationTests
19:22:18.714 [main] DEBUG org.springframework.boot.test.context.SpringBootTestContextBootstrapper - @TestExecutionListeners is not present for class [com.example.myshopgateway.MyshopGatewayApplicationTests]: using defaults.
19:22:18.715 [main] INFO org.springframework.boot.test.context.SpringBootTestContextBootstrapper - Loaded default TestExecutionListener class names from location [META-INF/spring.factories]: [org.springframework.boot.test.mock.mockito.MockitoTestExecutionListener, org.springframework.boot.test.mock.mockito.ResetMocksTestExecutionListener, org.springframework.boot.test.autoconfigure.restdocs.RestDocsTestExecutionListener, org.springframework.boot.test.autoconfigure.web.client.MockRestServiceServerResetTestExecutionListener, org.springframework.boot.test.autoconfigure.web.servlet.MockMvcPrintOnlyOnFailureTestExecutionListener, org.springframework.boot.test.autoconfigure.web.servlet.WebDriverTestExecutionListener, org.springframework.boot.test.autoconfigure.webservices.client.MockWebServiceServerTestExecutionListener, org.springframework.test.context.web.ServletTestExecutionListener, org.springframework.test.context.support.DirtiesContextBeforeModesTestExecutionListener, org.springframework.test.context.support.DependencyInjectionTestExecutionListener, org.springframework.test.context.support.DirtiesContextTestExecutionListener, org.springframework.test.context.transaction.TransactionalTestExecutionListener, org.springframework.test.context.jdbc.SqlScriptsTestExecutionListener, org.springframework.test.context.event.EventPublishingTestExecutionListener]
19:22:18.726 [main] DEBUG org.springframework.boot.test.context.SpringBootTestContextBootstrapper - Skipping candidate TestExecutionListener [org.springframework.test.context.transaction.TransactionalTestExecutionListener] due to a missing dependency. Specify custom listener classes or make the default listener classes and their required dependencies available. Offending class: [org/springframework/transaction/interceptor/TransactionAttributeSource]
19:22:18.726 [main] DEBUG org.springframework.boot.test.context.SpringBootTestContextBootstrapper - Skipping candidate TestExecutionListener [org.springframework.test.context.jdbc.SqlScriptsTestExecutionListener] due to a missing dependency. Specify custom listener classes or make the default listener classes and their required dependencies available. Offending class: [org/springframework/transaction/interceptor/TransactionAttribute]
19:22:18.727 [main] INFO org.springframework.boot.test.context.SpringBootTestContextBootstrapper - Using TestExecutionListeners: [org.springframework.test.context.web.ServletTestExecutionListener@5b1ebf56, org.springframework.test.context.support.DirtiesContextBeforeModesTestExecutionListener@294a6b8e, org.springframework.boot.test.mock.mockito.MockitoTestExecutionListener@4b1d6571, org.springframework.boot.test.autoconfigure.SpringBootDependencyInjectionTestExecutionListener@1b835480, org.springframework.test.context.support.DirtiesContextTestExecutionListener@3549bca9, org.springframework.test.context.event.EventPublishingTestExecutionListener@4f25b795, org.springframework.boot.test.mock.mockito.ResetMocksTestExecutionListener@6fb365ed, org.springframework.boot.test.autoconfigure.restdocs.RestDocsTestExecutionListener@6e950bcf, org.springframework.boot.test.autoconfigure.web.client.MockRestServiceServerResetTestExecutionListener@16414e40, org.springframework.boot.test.autoconfigure.web.servlet.MockMvcPrintOnlyOnFailureTestExecutionListener@74bada02, org.springframework.boot.test.autoconfigure.web.servlet.WebDriverTestExecutionListener@525575, org.springframework.boot.test.autoconfigure.webservices.client.MockWebServiceServerTestExecutionListener@46dffdc3]
19:22:18.735 [main] DEBUG org.springframework.test.context.support.AbstractDirtiesContextTestExecutionListener - Before test class: context [DefaultTestContext@7862f56 testClass = MyshopGatewayApplicationTests, testInstance = [null], testMethod = [null], testException = [null], mergedContextConfiguration = [WebMergedContextConfiguration@3a12c404 testClass = MyshopGatewayApplicationTests, locations = '{}', classes = '{class com.example.myshopgateway.MyshopGatewayApplication}', contextInitializerClasses = '[]', activeProfiles = '{}', propertySourceLocations = '{}', propertySourceProperties = '{org.springframework.boot.test.context.SpringBootTestContextBootstrapper=true}', contextCustomizers = set[org.springframework.boot.test.context.filter.ExcludeFilterContextCustomizer@2e3967ea, org.springframework.boot.test.json.DuplicateJsonObjectContextCustomizerFactory$DuplicateJsonObjectContextCustomizer@a38c7fe, org.springframework.boot.test.mock.mockito.MockitoContextCustomizer@0, org.springframework.boot.test.web.client.TestRestTemplateContextCustomizer@6574a52c, org.springframework.boot.test.autoconfigure.properties.PropertyMappingContextCustomizer@0, org.springframework.boot.test.autoconfigure.web.servlet.WebDriverContextCustomizerFactory$Customizer@6e9175d8, org.springframework.boot.test.context.SpringBootTestArgs@1, org.springframework.boot.test.context.SpringBootTestWebEnvironment@290dbf45], resourceBasePath = 'src/main/webapp', contextLoader = 'org.springframework.boot.test.context.SpringBootContextLoader', parent = [null]], attributes = map['org.springframework.test.context.web.ServletTestExecutionListener.activateListener' -> true]], class annotated with @DirtiesContext [false] with mode [null].
19:22:18.760 [main] DEBUG org.springframework.test.context.support.TestPropertySourceUtils - Adding inlined properties to environment: {spring.jmx.enabled=false, org.springframework.boot.test.context.SpringBootTestContextBootstrapper=true}

  .   ____          _            __ _ _
 /\\ / ___'_ __ _ _(_)_ __  __ _ \ \ \ \
( ( )\___ | '_ | '_| | '_ \/ _` | \ \ \ \
 \\/  ___)| |_)| | | | | || (_| |  ) ) ) )
  '  |____| .__|_| |_|_| |_\__, | / / / /
 =========|_|==============|___/=/_/_/_/
 :: Spring Boot ::       (v2.3.12.RELEASE)

2024-11-05 19:22:19.735  INFO 20472 --- [           main] c.e.m.MyshopGatewayApplicationTests      : No active profile set, falling back to default profiles: default
2024-11-05 19:22:20.555  WARN 20472 --- [           main] o.s.boot.actuate.endpoint.EndpointId     : Endpoint ID 'service-registry' contains invalid characters, please migrate to a valid format.
2024-11-05 19:22:20.567  WARN 20472 --- [           main] o.s.boot.actuate.endpoint.EndpointId     : Endpoint ID 'hystrix.stream' contains invalid characters, please migrate to a valid format.
2024-11-05 19:22:20.732  INFO 20472 --- [           main] o.s.cloud.context.scope.GenericScope     : BeanFactory id=298e0d55-76ab-38d7-b59f-1fba8eeaee24
2024-11-05 19:22:21.421  WARN 20472 --- [           main] c.n.c.sources.URLConfigurationSource     : No URLs will be polled as dynamic configuration sources.
2024-11-05 19:22:21.421  INFO 20472 --- [           main] c.n.c.sources.URLConfigurationSource     : To enable URLs as dynamic configuration sources, define System property archaius.configurationSource.additionalUrls or make config.properties available on classpath.
2024-11-05 19:22:21.432  WARN 20472 --- [           main] c.n.c.sources.URLConfigurationSource     : No URLs will be polled as dynamic configuration sources.
2024-11-05 19:22:21.432  INFO 20472 --- [           main] c.n.c.sources.URLConfigurationSource     : To enable URLs as dynamic configuration sources, define System property archaius.configurationSource.additionalUrls or make config.properties available on classpath.
2024-11-05 19:22:21.981  INFO 20472 --- [           main] o.s.s.concurrent.ThreadPoolTaskExecutor  : Initializing ExecutorService 'applicationTaskExecutor'
2024-11-05 19:22:22.371  INFO 20472 --- [           main] o.s.b.a.w.s.WelcomePageHandlerMapping    : Adding welcome page: class path resource [static/index.html]
2024-11-05 19:22:23.042  INFO 20472 --- [           main] DiscoveryClientOptionalArgsConfiguration : Eureka HTTP Client uses Jersey
2024-11-05 19:22:23.147  WARN 20472 --- [           main] ockingLoadBalancerClientRibbonWarnLogger : You already have RibbonLoadBalancerClient on your classpath. It will be used by default. As Spring Cloud Ribbon is in maintenance mode. We recommend switching to BlockingLoadBalancerClient instead. In order to use it, set the value of `spring.cloud.loadbalancer.ribbon.enabled` to `false` or remove spring-cloud-starter-netflix-ribbon from your project.
2024-11-05 19:22:23.543  INFO 20472 --- [           main] o.s.c.n.zuul.ZuulFilterInitializer       : Starting filter initializer
2024-11-05 19:22:23.574  INFO 20472 --- [           main] o.s.b.a.e.web.EndpointLinksResolver      : Exposing 2 endpoint(s) beneath base path '/actuator'
2024-11-05 19:22:23.616  INFO 20472 --- [           main] o.s.c.n.eureka.InstanceInfoFactory       : Setting initial instance status as: STARTING
2024-11-05 19:22:23.743  INFO 20472 --- [           main] com.netflix.discovery.DiscoveryClient    : Initializing Eureka in region us-east-1
2024-11-05 19:22:23.796  INFO 20472 --- [           main] c.n.d.provider.DiscoveryJerseyProvider   : Using JSON encoding codec LegacyJacksonJson
2024-11-05 19:22:23.797  INFO 20472 --- [           main] c.n.d.provider.DiscoveryJerseyProvider   : Using JSON decoding codec LegacyJacksonJson
2024-11-05 19:22:24.083  INFO 20472 --- [           main] c.n.d.provider.DiscoveryJerseyProvider   : Using XML encoding codec XStreamXml
2024-11-05 19:22:24.083  INFO 20472 --- [           main] c.n.d.provider.DiscoveryJerseyProvider   : Using XML decoding codec XStreamXml
2024-11-05 19:22:24.241  INFO 20472 --- [           main] c.n.d.s.r.aws.ConfigClusterResolver      : Resolving eureka endpoints via configuration
2024-11-05 19:22:24.256  INFO 20472 --- [           main] com.netflix.discovery.DiscoveryClient    : Disable delta property : false
2024-11-05 19:22:24.257  INFO 20472 --- [           main] com.netflix.discovery.DiscoveryClient    : Single vip registry refresh property : null
2024-11-05 19:22:24.257  INFO 20472 --- [           main] com.netflix.discovery.DiscoveryClient    : Force full registry fetch : false
2024-11-05 19:22:24.257  INFO 20472 --- [           main] com.netflix.discovery.DiscoveryClient    : Application is null : false
2024-11-05 19:22:24.257  INFO 20472 --- [           main] com.netflix.discovery.DiscoveryClient    : Registered Applications size is zero : true
2024-11-05 19:22:24.257  INFO 20472 --- [           main] com.netflix.discovery.DiscoveryClient    : Application version is -1: true
2024-11-05 19:22:24.257  INFO 20472 --- [           main] com.netflix.discovery.DiscoveryClient    : Getting all instance registry info from the eureka server
2024-11-05 19:22:24.381  INFO 20472 --- [           main] com.netflix.discovery.DiscoveryClient    : The response status is 200
2024-11-05 19:22:24.383  INFO 20472 --- [           main] com.netflix.discovery.DiscoveryClient    : Starting heartbeat executor: renew interval is: 30
2024-11-05 19:22:24.387  INFO 20472 --- [           main] c.n.discovery.InstanceInfoReplicator     : InstanceInfoReplicator onDemand update allowed rate per min is 4
2024-11-05 19:22:24.390  INFO 20472 --- [           main] com.netflix.discovery.DiscoveryClient    : Discovery Client initialized at timestamp 1730805744389 with initial instances count: 6
2024-11-05 19:22:24.394  INFO 20472 --- [           main] o.s.c.n.e.s.EurekaServiceRegistry        : Registering application MYSHOP-GATEWAY with eureka with status UP
2024-11-05 19:22:24.394  INFO 20472 --- [           main] com.netflix.discovery.DiscoveryClient    : Saw local status change event StatusChangeEvent [timestamp=1730805744394, current=UP, previous=STARTING]
2024-11-05 19:22:24.396  INFO 20472 --- [nfoReplicator-0] com.netflix.discovery.DiscoveryClient    : DiscoveryClient_MYSHOP-GATEWAY/Summer:myshop-gateway:8222: registering service...
2024-11-05 19:22:24.409  INFO 20472 --- [           main] c.e.m.MyshopGatewayApplicationTests      : Started MyshopGatewayApplicationTests in 5.638 seconds (JVM running for 6.635)
2024-11-05 19:22:24.427  INFO 20472 --- [nfoReplicator-0] com.netflix.discovery.DiscoveryClient    : DiscoveryClient_MYSHOP-GATEWAY/Summer:myshop-gateway:8222 - registration status: 204
]]></system-out>
  </testcase>
</testsuite>